<?xml version="1.0" encoding="UTF-8"?>
<testng-results ignored="0" total="4" passed="4" failed="0" skipped="0">
  <reporter-output>
  </reporter-output>
  <suite started-at="2022-05-25T13:48:47 CEST" name="Suite" finished-at="2022-05-25T13:49:05 CEST" duration-ms="17707">
    <groups>
    </groups>
    <test started-at="2022-05-25T13:48:47 CEST" name="Test" finished-at="2022-05-25T13:49:05 CEST" duration-ms="17707">
      <class name="TestCases.VerifyEditComputer">
        <test-method is-config="true" signature="preCondition()[pri:0, instance:TestCases.VerifyEditComputer@e350b40]" started-at="2022-05-25T13:49:01 CEST" name="preCondition" finished-at="2022-05-25T13:49:03 CEST" duration-ms="2148" status="PASS">
          <reporter-output>
          </reporter-output>
        </test-method> <!-- preCondition -->
        <test-method signature="runVerifyHomePage()[pri:0, instance:TestCases.VerifyEditComputer@e350b40]" started-at="2022-05-25T13:49:03 CEST" name="runVerifyHomePage" finished-at="2022-05-25T13:49:04 CEST" duration-ms="1514" status="PASS">
          <reporter-output>
          </reporter-output>
        </test-method> <!-- runVerifyHomePage -->
        <test-method is-config="true" signature="postCondition()[pri:0, instance:TestCases.VerifyEditComputer@e350b40]" started-at="2022-05-25T13:49:04 CEST" name="postCondition" finished-at="2022-05-25T13:49:05 CEST" duration-ms="242" status="PASS">
          <reporter-output>
          </reporter-output>
        </test-method> <!-- postCondition -->
      </class> <!-- TestCases.VerifyEditComputer -->
      <class name="TestCases.VerifyFilterComputer">
        <test-method is-config="true" signature="preCondition()[pri:0, instance:TestCases.VerifyFilterComputer@f09733f]" started-at="2022-05-25T13:48:58 CEST" name="preCondition" finished-at="2022-05-25T13:49:00 CEST" duration-ms="1870" status="PASS">
          <reporter-output>
          </reporter-output>
        </test-method> <!-- preCondition -->
        <test-method signature="VerifyFilterComputer()[pri:0, instance:TestCases.VerifyFilterComputer@f09733f]" started-at="2022-05-25T13:49:00 CEST" name="VerifyFilterComputer" finished-at="2022-05-25T13:49:00 CEST" duration-ms="48" status="PASS">
          <reporter-output>
          </reporter-output>
        </test-method> <!-- VerifyFilterComputer -->
        <test-method is-config="true" signature="postCondition()[pri:0, instance:TestCases.VerifyFilterComputer@f09733f]" started-at="2022-05-25T13:49:00 CEST" name="postCondition" finished-at="2022-05-25T13:49:01 CEST" duration-ms="239" status="PASS">
          <reporter-output>
          </reporter-output>
        </test-method> <!-- postCondition -->
      </class> <!-- TestCases.VerifyFilterComputer -->
      <class name="TestCases.VerifyLandingPage">
        <test-method is-config="true" signature="preCondition()[pri:0, instance:TestCases.VerifyLandingPage@659499f1]" started-at="2022-05-25T13:48:47 CEST" name="preCondition" finished-at="2022-05-25T13:48:50 CEST" duration-ms="3182" status="PASS">
          <reporter-output>
          </reporter-output>
        </test-method> <!-- preCondition -->
        <test-method signature="runVerifyHomePage()[pri:0, instance:TestCases.VerifyLandingPage@659499f1]" started-at="2022-05-25T13:48:50 CEST" name="runVerifyHomePage" finished-at="2022-05-25T13:48:50 CEST" duration-ms="54" status="PASS">
          <reporter-output>
          </reporter-output>
        </test-method> <!-- runVerifyHomePage -->
        <test-method is-config="true" signature="postCondition()[pri:0, instance:TestCases.VerifyLandingPage@659499f1]" started-at="2022-05-25T13:48:50 CEST" name="postCondition" finished-at="2022-05-25T13:48:50 CEST" duration-ms="205" status="PASS">
          <reporter-output>
          </reporter-output>
        </test-method> <!-- postCondition -->
      </class> <!-- TestCases.VerifyLandingPage -->
      <class name="TestCases.VerifyAddComputer">
        <test-method is-config="true" signature="preCondition()[pri:0, instance:TestCases.VerifyAddComputer@4b45a2f5]" started-at="2022-05-25T13:48:50 CEST" name="preCondition" finished-at="2022-05-25T13:48:52 CEST" duration-ms="2041" status="PASS">
          <reporter-output>
          </reporter-output>
        </test-method> <!-- preCondition -->
        <test-method signature="runVerifyHomePage()[pri:0, instance:TestCases.VerifyAddComputer@4b45a2f5]" started-at="2022-05-25T13:48:52 CEST" name="runVerifyHomePage" finished-at="2022-05-25T13:48:54 CEST" duration-ms="1879" status="PASS">
          <reporter-output>
          </reporter-output>
        </test-method> <!-- runVerifyHomePage -->
        <test-method is-config="true" signature="postCondition()[pri:0, instance:TestCases.VerifyAddComputer@4b45a2f5]" started-at="2022-05-25T13:48:54 CEST" name="postCondition" finished-at="2022-05-25T13:48:58 CEST" duration-ms="4244" status="PASS">
          <reporter-output>
          </reporter-output>
        </test-method> <!-- postCondition -->
      </class> <!-- TestCases.VerifyAddComputer -->
    </test> <!-- Test -->
  </suite> <!-- Suite -->
</testng-results>
