<?xml version="1.0" encoding="UTF-8"?>
<!-- Generated by org.testng.reporters.JUnitXMLReporter -->
<testsuite ignored="0" hostname="LAPTOP-AI7P79K2" failures="0" tests="4" name="Test" time="17.707" errors="0" timestamp="2022-05-25T13:49:05 CEST">
  <testcase classname="TestCases.VerifyLandingPage" name="runVerifyHomePage" time="0.054"/>
  <testcase classname="TestCases.VerifyAddComputer" name="runVerifyHomePage" time="1.879"/>
  <testcase classname="TestCases.VerifyFilterComputer" name="VerifyFilterComputer" time="0.048"/>
  <testcase classname="TestCases.VerifyEditComputer" name="runVerifyHomePage" time="1.514"/>
</testsuite> <!-- Test -->
